<?xml version="1.0" encoding="UTF-8"?>
<!-- Generated by org.testng.reporters.JUnitXMLReporter -->
<testsuite ignored="0" hostname="DESKTOP-5M535NP" failures="0" tests="1" name="Test Basics 1" time="0.43" errors="0" timestamp="13 Aug 2022 20:30:54 GMT">
  <testcase classname="PaybackAndroid.PaybackTest" name="@BeforeClass setUp" time="0.381">
    <failure type="org.openqa.selenium.json.JsonException" message="Unable to determine type from: C. Last 96 characters read: {
  &amp;quot;desiredCapabilities&amp;quot;: {
    &amp;quot;BROWSER_NAME&amp;quot;: &amp;quot;Android&amp;quot;,
    &amp;quot;VERSION&amp;quot;: &amp;quot;4.4.2&amp;quot;,
    &amp;quot;app&amp;quot;: C
Build info: version: &amp;apos;3.141.59&amp;apos;, revision: &amp;apos;e82be7d358&amp;apos;, time: &amp;apos;2018-11-14T08:17:03&amp;apos;
System info: host: &amp;apos;DESKTOP-5M535NP&amp;apos;, ip: &amp;apos;192.168.1.39&amp;apos;, os.name: &amp;apos;Windows 10&amp;apos;, os.arch: &amp;apos;amd64&amp;apos;, os.version: &amp;apos;10.0&amp;apos;, java.version: &amp;apos;17.0.4&amp;apos;
Driver info: driver.version: RemoteWebDriver">
      <![CDATA[org.openqa.selenium.json.JsonException: Unable to determine type from: C. Last 96 characters read: {
  "desiredCapabilities": {
    "BROWSER_NAME": "Android",
    "VERSION": "4.4.2",
    "app": C
Build info: version: '3.141.59', revision: 'e82be7d358', time: '2018-11-14T08:17:03'
System info: host: 'DESKTOP-5M535NP', ip: '192.168.1.39', os.name: 'Windows 10', os.arch: 'amd64', os.version: '10.0', java.version: '17.0.4'
Driver info: driver.version: RemoteWebDriver
at org.openqa.selenium.json.JsonInput.peek(JsonInput.java:122)
at org.openqa.selenium.json.JsonTypeCoercer.lambda$null$6(JsonTypeCoercer.java:140)
at org.openqa.selenium.json.JsonTypeCoercer.coerce(JsonTypeCoercer.java:126)
at org.openqa.selenium.json.MapCoercer.lambda$null$0(MapCoercer.java:68)
at java.base/java.util.stream.ReferencePipeline$3$1.accept(ReferencePipeline.java:197)
at java.base/java.util.Iterator.forEachRemaining(Iterator.java:133)
at java.base/java.util.Spliterators$IteratorSpliterator.forEachRemaining(Spliterators.java:1845)
at java.base/java.util.stream.AbstractPipeline.copyInto(AbstractPipeline.java:509)
at java.base/java.util.stream.AbstractPipeline.wrapAndCopyInto(AbstractPipeline.java:499)
at java.base/java.util.stream.ReduceOps$ReduceOp.evaluateSequential(ReduceOps.java:921)
at java.base/java.util.stream.AbstractPipeline.evaluate(AbstractPipeline.java:234)
at java.base/java.util.stream.ReferencePipeline.collect(ReferencePipeline.java:682)
at org.openqa.selenium.json.MapCoercer.lambda$apply$1(MapCoercer.java:72)
at org.openqa.selenium.json.JsonTypeCoercer.lambda$null$6(JsonTypeCoercer.java:145)
at org.openqa.selenium.json.JsonTypeCoercer.coerce(JsonTypeCoercer.java:126)
at org.openqa.selenium.json.JsonInput.read(JsonInput.java:280)
at org.openqa.selenium.remote.NewSessionPayload.getOss(NewSessionPayload.java:342)
at org.openqa.selenium.remote.NewSessionPayload.<init>(NewSessionPayload.java:145)
at org.openqa.selenium.remote.NewSessionPayload.create(NewSessionPayload.java:101)
at org.openqa.selenium.remote.NewSessionPayload.create(NewSessionPayload.java:94)
at org.openqa.selenium.remote.ProtocolHandshake.createSession(ProtocolHandshake.java:68)
at org.openqa.selenium.remote.HttpCommandExecutor.execute(HttpCommandExecutor.java:136)
at org.openqa.selenium.remote.RemoteWebDriver.execute(RemoteWebDriver.java:552)
at org.openqa.selenium.remote.RemoteWebDriver.startSession(RemoteWebDriver.java:213)
at org.openqa.selenium.remote.RemoteWebDriver.<init>(RemoteWebDriver.java:131)
at org.openqa.selenium.remote.RemoteWebDriver.<init>(RemoteWebDriver.java:144)
at PaybackAndroid.PaybackTest.setUp(PaybackTest.java:41)
... Removed 26 stack frames]]>
    </failure>
  </testcase> <!-- @BeforeClass setUp -->
  <testcase classname="PaybackAndroid.PaybackTest" name="@AfterClass teardown" time="0.0">
    <skipped/>
  </testcase> <!-- @AfterClass teardown -->
  <testcase classname="PaybackAndroid.PaybackTest" name="testCal" time="0.0">
    <skipped/>
  </testcase> <!-- testCal -->
</testsuite> <!-- Test Basics 1 -->
